{"message":"Listening on port 3000...","level":"info"}
{"message":"Connected to vidly_test DB","level":"info"}
{"message":"server startup complete","level":"info"}
{"message":"Application name: VIDLY App","level":"info"}
{"message":"Mail Server: test-mail-server","level":"info"}
{"message":"Listening on port 3000...","level":"info"}
{"message":"Listening on port 3000...","level":"info"}
{"message":"Connected to vidly_test DB","level":"info"}
{"message":"server startup complete","level":"info"}
{"message":"Application name: VIDLY App","level":"info"}
{"message":"Mail Server: test-mail-server","level":"info"}
{"message":"Listening on port 3000...","level":"info"}
{"message":"Listening on port 3000...","level":"info"}
{"message":"Connected to vidly_test DB","level":"info"}
{"message":"server startup complete","level":"info"}
{"message":"Application name: VIDLY App","level":"info"}
{"message":"Mail Server: test-mail-server","level":"info"}
{"message":"Listening on port 3000...","level":"info"}
{"message":"Listening on port 3000...","level":"info"}
{"message":"Connected to vidly_test DB","level":"info"}
{"message":"server startup complete","level":"info"}
{"message":"Application name: VIDLY App","level":"info"}
{"message":"Mail Server: test-mail-server","level":"info"}
{"message":"Listening on port 3000...","level":"info"}
{"message":"Listening on port 3000...","level":"info"}
{"message":"Connected to vidly_test DB","level":"info"}
{"message":"server startup complete","level":"info"}
{"message":"Application name: VIDLY App","level":"info"}
{"message":"Mail Server: test-mail-server","level":"info"}
{"message":"Listening on port 3000...","level":"info"}
{"message":"Listening on port 3000...","level":"info"}
{"message":"Listening on port 3000...","level":"info"}
{"message":"Listening on port 3000...","level":"info"}
{"message":"Listening on port 3000...","level":"info"}
{"message":"Listening on port 3000...","level":"info"}
{"message":"Listening on port 3000...","level":"info"}
{"message":"Listening on port 3000...","level":"info"}
{"message":"Listening on port 3000...","level":"info"}
{"message":"Connected to vidly_test DB","level":"info"}
{"message":"server startup complete","level":"info"}
{"message":"Application name: VIDLY App","level":"info"}
{"message":"Mail Server: test-mail-server","level":"info"}
{"message":"Listening on port 3000...","level":"info"}
{"message":"Listening on port 3000...","level":"info"}
{"message":"Listening on port 3000...","level":"info"}
{"message":"Listening on port 3000...","level":"info"}
{"message":"Listening on port 3000...","level":"info"}
{"message":"Listening on port 3000...","level":"info"}
{"message":"Listening on port 3000...","level":"info"}
{"message":"Listening on port 3000...","level":"info"}
{"message":"Listening on port 3000...","level":"info"}
{"message":"Connected to vidly_test DB","level":"info"}
{"message":"server startup complete","level":"info"}
{"message":"Application name: VIDLY App","level":"info"}
{"message":"Mail Server: test-mail-server","level":"info"}
{"message":"Listening on port 3000...","level":"info"}
{"message":"Listening on port 3000...","level":"info"}
{"message":"Connected to vidly_test DB","level":"info"}
{"message":"server startup complete","level":"info"}
{"message":"Application name: VIDLY App","level":"info"}
{"message":"Mail Server: test-mail-server","level":"info"}
{"message":"Listening on port 3000...","level":"info"}
{"message":"Listening on port 3000...","level":"info"}
{"message":"Connected to vidly_test DB","level":"info"}
{"message":"server startup complete","level":"info"}
{"message":"Application name: VIDLY App","level":"info"}
{"message":"Mail Server: test-mail-server","level":"info"}
{"message":"Listening on port 3000...","level":"info"}
{"message":"Listening on port 3000...","level":"info"}
{"message":"Listening on port 3000...","level":"info"}
{"message":"Listening on port 3000...","level":"info"}
{"message":"Listening on port 3000...","level":"info"}
{"message":"Listening on port 3000...","level":"info"}
{"message":"Listening on port 3000...","level":"info"}
{"message":"Listening on port 3000...","level":"info"}
{"message":"Connected to vidly_test DB","level":"info"}
{"message":"server startup complete","level":"info"}
{"message":"Application name: VIDLY App","level":"info"}
{"message":"Mail Server: test-mail-server","level":"info"}
{"message":"Listening on port 3000...","level":"info"}
{"message":"Listening on port 3000...","level":"info"}
{"message":"Listening on port 3000...","level":"info"}
{"message":"Connected to vidly_test DB","level":"info"}
{"message":"server startup complete","level":"info"}
{"message":"Application name: VIDLY App","level":"info"}
{"message":"Mail Server: test-mail-server","level":"info"}
{"message":"Listening on port 3000...","level":"info"}
{"message":"Listening on port 3000...","level":"info"}
{"message":"Listening on port 3000...","level":"info"}
{"message":"Listening on port 3000...","level":"info"}
{"message":"Listening on port 3000...","level":"info"}
{"message":"Listening on port 3000...","level":"info"}
{"message":"Listening on port 3000...","level":"info"}
{"message":"Listening on port 3000...","level":"info"}
{"message":"Listening on port 3000...","level":"info"}
{"message":"Connected to vidly_test DB","level":"info"}
{"message":"server startup complete","level":"info"}
{"message":"Application name: VIDLY App","level":"info"}
{"message":"Mail Server: test-mail-server","level":"info"}
{"message":"Listening on port 3000...","level":"info"}
{"message":"Listening on port 3000...","level":"info"}
{"message":"Listening on port 3000...","level":"info"}
{"message":"Listening on port 3000...","level":"info"}
{"message":"Listening on port 3000...","level":"info"}
{"message":"Listening on port 3000...","level":"info"}
{"message":"Listening on port 3000...","level":"info"}
{"message":"Listening on port 3000...","level":"info"}
{"message":"Listening on port 3000...","level":"info"}
{"message":"Connected to vidly_test DB","level":"info"}
{"message":"server startup complete","level":"info"}
{"message":"Application name: VIDLY App","level":"info"}
{"message":"Mail Server: test-mail-server","level":"info"}
{"message":"Listening on port 3000...","level":"info"}
{"message":"Listening on port 3000...","level":"info"}
{"message":"Connected to vidly_test DB","level":"info"}
{"message":"server startup complete","level":"info"}
{"message":"Application name: VIDLY App","level":"info"}
{"message":"Mail Server: test-mail-server","level":"info"}
{"message":"Listening on port 3000...","level":"info"}
{"message":"Listening on port 3000...","level":"info"}
{"message":"Listening on port 3000...","level":"info"}
{"message":"Listening on port 3000...","level":"info"}
{"message":"Listening on port 3000...","level":"info"}
{"message":"Listening on port 3000...","level":"info"}
{"message":"Listening on port 3000...","level":"info"}
{"message":"Listening on port 3000...","level":"info"}
{"message":"Listening on port 3000...","level":"info"}
{"message":"Connected to vidly_test DB","level":"info"}
{"message":"server startup complete","level":"info"}
{"message":"Application name: VIDLY App","level":"info"}
{"message":"Mail Server: test-mail-server","level":"info"}
{"message":"Listening on port 3000...","level":"info"}
{"message":"Listening on port 3000...","level":"info"}
{"message":"Connected to vidly_test DB","level":"info"}
{"message":"server startup complete","level":"info"}
{"message":"Application name: VIDLY App","level":"info"}
{"message":"Mail Server: test-mail-server","level":"info"}
{"message":"Listening on port 3000...","level":"info"}
{"message":"Listening on port 3000...","level":"info"}
{"message":"Listening on port 3000...","level":"info"}
{"message":"Listening on port 3000...","level":"info"}
{"message":"Listening on port 3000...","level":"info"}
{"message":"Listening on port 3000...","level":"info"}
{"message":"Listening on port 3000...","level":"info"}
{"message":"Listening on port 3000...","level":"info"}
{"message":"Connected to vidly_test DB","level":"info"}
{"message":"server startup complete","level":"info"}
{"message":"Application name: VIDLY App","level":"info"}
{"message":"Mail Server: test-mail-server","level":"info"}
{"message":"Listening on port 3000...","level":"info"}
{"message":"Listening on port 3000...","level":"info"}
{"message":"Listening on port 3000...","level":"info"}
{"message":"Listening on port 3000...","level":"info"}
{"message":"Listening on port 3000...","level":"info"}
{"message":"Listening on port 3000...","level":"info"}
{"message":"Listening on port 3000...","level":"info"}
{"message":"Listening on port 3000...","level":"info"}
{"message":"Listening on port 3000...","level":"info"}
{"message":"Connected to vidly_test DB","level":"info"}
{"message":"server startup complete","level":"info"}
{"message":"Application name: VIDLY App","level":"info"}
{"message":"Mail Server: test-mail-server","level":"info"}
{"message":"Listening on port 3000...","level":"info"}
{"message":"Listening on port 3000...","level":"info"}
{"message":"Connected to vidly DB","level":"info"}
{"message":"server startup complete","level":"info"}
{"message":"Application name: VIDLY App- Development","level":"info"}
{"message":"Mail Server: dev-mail-server","level":"info"}
{"level":"error","message":"number is not definednumber is not defined","stack":"ReferenceError: number is not defined\n    at validateMovieReqBody (C:\\Users\\rohit\\Desktop\\Programming\\Mosh-NodeJS\\vidly\\models\\movie.js:41:22)\n    at C:\\Users\\rohit\\Desktop\\Programming\\Mosh-NodeJS\\vidly\\routes\\movies.js:13:21\n    at newFn (C:\\Users\\rohit\\Desktop\\Programming\\Mosh-NodeJS\\vidly\\node_modules\\express-async-errors\\index.js:16:20)\n    at Layer.handle [as handle_request] (C:\\Users\\rohit\\Desktop\\Programming\\Mosh-NodeJS\\vidly\\node_modules\\express\\lib\\router\\layer.js:95:5)\n    at next (C:\\Users\\rohit\\Desktop\\Programming\\Mosh-NodeJS\\vidly\\node_modules\\express\\lib\\router\\route.js:137:13)\n    at admin (C:\\Users\\rohit\\Desktop\\Programming\\Mosh-NodeJS\\vidly\\middleware\\admin.js:5:3)\n    at newFn (C:\\Users\\rohit\\Desktop\\Programming\\Mosh-NodeJS\\vidly\\node_modules\\express-async-errors\\index.js:16:20)\n    at Layer.handle [as handle_request] (C:\\Users\\rohit\\Desktop\\Programming\\Mosh-NodeJS\\vidly\\node_modules\\express\\lib\\router\\layer.js:95:5)\n    at next (C:\\Users\\rohit\\Desktop\\Programming\\Mosh-NodeJS\\vidly\\node_modules\\express\\lib\\router\\route.js:137:13)\n    at auth (C:\\Users\\rohit\\Desktop\\Programming\\Mosh-NodeJS\\vidly\\middleware\\auth.js:12:5)\n    at newFn (C:\\Users\\rohit\\Desktop\\Programming\\Mosh-NodeJS\\vidly\\node_modules\\express-async-errors\\index.js:16:20)\n    at Layer.handle [as handle_request] (C:\\Users\\rohit\\Desktop\\Programming\\Mosh-NodeJS\\vidly\\node_modules\\express\\lib\\router\\layer.js:95:5)\n    at next (C:\\Users\\rohit\\Desktop\\Programming\\Mosh-NodeJS\\vidly\\node_modules\\express\\lib\\router\\route.js:137:13)\n    at Route.dispatch (C:\\Users\\rohit\\Desktop\\Programming\\Mosh-NodeJS\\vidly\\node_modules\\express\\lib\\router\\route.js:112:3)\n    at newFn (C:\\Users\\rohit\\Desktop\\Programming\\Mosh-NodeJS\\vidly\\node_modules\\express-async-errors\\index.js:16:20)\n    at Layer.handle [as handle_request] (C:\\Users\\rohit\\Desktop\\Programming\\Mosh-NodeJS\\vidly\\node_modules\\express\\lib\\router\\layer.js:95:5)\n    at C:\\Users\\rohit\\Desktop\\Programming\\Mosh-NodeJS\\vidly\\node_modules\\express\\lib\\router\\index.js:281:22\n    at Function.process_params (C:\\Users\\rohit\\Desktop\\Programming\\Mosh-NodeJS\\vidly\\node_modules\\express\\lib\\router\\index.js:335:12)\n    at next (C:\\Users\\rohit\\Desktop\\Programming\\Mosh-NodeJS\\vidly\\node_modules\\express\\lib\\router\\index.js:275:10)\n    at Function.handle (C:\\Users\\rohit\\Desktop\\Programming\\Mosh-NodeJS\\vidly\\node_modules\\express\\lib\\router\\index.js:174:3)\n    at router (C:\\Users\\rohit\\Desktop\\Programming\\Mosh-NodeJS\\vidly\\node_modules\\express\\lib\\router\\index.js:47:12)\n    at newFn (C:\\Users\\rohit\\Desktop\\Programming\\Mosh-NodeJS\\vidly\\node_modules\\express-async-errors\\index.js:16:20)"}
{"level":"error","message":"number is not definednumber is not defined","stack":"ReferenceError: number is not defined\n    at validateMovieReqBody (C:\\Users\\rohit\\Desktop\\Programming\\Mosh-NodeJS\\vidly\\models\\movie.js:41:22)\n    at C:\\Users\\rohit\\Desktop\\Programming\\Mosh-NodeJS\\vidly\\routes\\movies.js:13:21\n    at newFn (C:\\Users\\rohit\\Desktop\\Programming\\Mosh-NodeJS\\vidly\\node_modules\\express-async-errors\\index.js:16:20)\n    at Layer.handle [as handle_request] (C:\\Users\\rohit\\Desktop\\Programming\\Mosh-NodeJS\\vidly\\node_modules\\express\\lib\\router\\layer.js:95:5)\n    at next (C:\\Users\\rohit\\Desktop\\Programming\\Mosh-NodeJS\\vidly\\node_modules\\express\\lib\\router\\route.js:137:13)\n    at admin (C:\\Users\\rohit\\Desktop\\Programming\\Mosh-NodeJS\\vidly\\middleware\\admin.js:5:3)\n    at newFn (C:\\Users\\rohit\\Desktop\\Programming\\Mosh-NodeJS\\vidly\\node_modules\\express-async-errors\\index.js:16:20)\n    at Layer.handle [as handle_request] (C:\\Users\\rohit\\Desktop\\Programming\\Mosh-NodeJS\\vidly\\node_modules\\express\\lib\\router\\layer.js:95:5)\n    at next (C:\\Users\\rohit\\Desktop\\Programming\\Mosh-NodeJS\\vidly\\node_modules\\express\\lib\\router\\route.js:137:13)\n    at auth (C:\\Users\\rohit\\Desktop\\Programming\\Mosh-NodeJS\\vidly\\middleware\\auth.js:12:5)\n    at newFn (C:\\Users\\rohit\\Desktop\\Programming\\Mosh-NodeJS\\vidly\\node_modules\\express-async-errors\\index.js:16:20)\n    at Layer.handle [as handle_request] (C:\\Users\\rohit\\Desktop\\Programming\\Mosh-NodeJS\\vidly\\node_modules\\express\\lib\\router\\layer.js:95:5)\n    at next (C:\\Users\\rohit\\Desktop\\Programming\\Mosh-NodeJS\\vidly\\node_modules\\express\\lib\\router\\route.js:137:13)\n    at Route.dispatch (C:\\Users\\rohit\\Desktop\\Programming\\Mosh-NodeJS\\vidly\\node_modules\\express\\lib\\router\\route.js:112:3)\n    at newFn (C:\\Users\\rohit\\Desktop\\Programming\\Mosh-NodeJS\\vidly\\node_modules\\express-async-errors\\index.js:16:20)\n    at Layer.handle [as handle_request] (C:\\Users\\rohit\\Desktop\\Programming\\Mosh-NodeJS\\vidly\\node_modules\\express\\lib\\router\\layer.js:95:5)\n    at C:\\Users\\rohit\\Desktop\\Programming\\Mosh-NodeJS\\vidly\\node_modules\\express\\lib\\router\\index.js:281:22\n    at Function.process_params (C:\\Users\\rohit\\Desktop\\Programming\\Mosh-NodeJS\\vidly\\node_modules\\express\\lib\\router\\index.js:335:12)\n    at next (C:\\Users\\rohit\\Desktop\\Programming\\Mosh-NodeJS\\vidly\\node_modules\\express\\lib\\router\\index.js:275:10)\n    at Function.handle (C:\\Users\\rohit\\Desktop\\Programming\\Mosh-NodeJS\\vidly\\node_modules\\express\\lib\\router\\index.js:174:3)\n    at router (C:\\Users\\rohit\\Desktop\\Programming\\Mosh-NodeJS\\vidly\\node_modules\\express\\lib\\router\\index.js:47:12)\n    at newFn (C:\\Users\\rohit\\Desktop\\Programming\\Mosh-NodeJS\\vidly\\node_modules\\express-async-errors\\index.js:16:20)"}
{"message":"Listening on port 3000...","level":"info"}
{"message":"Connected to vidly DB","level":"info"}
{"message":"server startup complete","level":"info"}
{"message":"Application name: VIDLY App- Development","level":"info"}
{"message":"Mail Server: dev-mail-server","level":"info"}
{"message":"Listening on port 3000...","level":"info"}
{"message":"Connected to vidly DB","level":"info"}
{"message":"server startup complete","level":"info"}
{"message":"Application name: VIDLY App- Development","level":"info"}
{"message":"Mail Server: dev-mail-server","level":"info"}
{"message":"Listening on port 3000...","level":"info"}
{"message":"Connected to vidly DB","level":"info"}
{"message":"server startup complete","level":"info"}
{"message":"Application name: VIDLY App- Development","level":"info"}
{"message":"Mail Server: dev-mail-server","level":"info"}
{"message":"Listening on port 3000...","level":"info"}
{"message":"Connected to vidly DB","level":"info"}
{"message":"server startup complete","level":"info"}
{"message":"Application name: VIDLY App- Development","level":"info"}
{"message":"Mail Server: dev-mail-server","level":"info"}
{"message":"Listening on port 3000...","level":"info"}
{"message":"Connected to vidly_test DB","level":"info"}
{"message":"server startup complete","level":"info"}
{"message":"Application name: VIDLY App","level":"info"}
{"message":"Mail Server: test-mail-server","level":"info"}
{"message":"Listening on port 3000...","level":"info"}
{"message":"Listening on port 3000...","level":"info"}
{"message":"Listening on port 3000...","level":"info"}
{"message":"Listening on port 3000...","level":"info"}
{"message":"Listening on port 3000...","level":"info"}
{"message":"Listening on port 3000...","level":"info"}
{"message":"Listening on port 3000...","level":"info"}
{"message":"Listening on port 3000...","level":"info"}
{"message":"Listening on port 3000...","level":"info"}
{"message":"Listening on port 3000...","level":"info"}
{"message":"Connected to vidly_test DB","level":"info"}
{"message":"server startup complete","level":"info"}
{"message":"Application name: VIDLY App","level":"info"}
{"message":"Mail Server: test-mail-server","level":"info"}
